============================= test session starts ==============================
platform linux -- Python 3.12.13, pytest-9.1.1, pluggy-1.6.0
rootdir: /home/runner/work/IndiaRuns-Intelligent-Candidate-Discovery-Ranking-System/IndiaRuns-Intelligent-Candidate-Discovery-Ranking-System/backend
configfile: pyproject.toml
testpaths: tests
plugins: asyncio-1.4.0, anyio-4.14.1, Faker-40.23.0
asyncio: mode=Mode.STRICT, debug=False, asyncio_default_fixture_loop_scope=None, asyncio_default_test_loop_scope=function
collected 28 items / 1 error

==================================== ERRORS ====================================
_____________ ERROR collecting tests/integration/test_e2e_smoke.py _____________
ImportError while importing test module '/home/runner/work/IndiaRuns-Intelligent-Candidate-Discovery-Ranking-System/IndiaRuns-Intelligent-Candidate-Discovery-Ranking-System/backend/tests/integration/test_e2e_smoke.py'.
Hint: make sure your test modules/packages have valid Python names.
Traceback:
/opt/hostedtoolcache/Python/3.12.13/x64/lib/python3.12/importlib/__init__.py:90: in import_module
    return _bootstrap._gcd_import(name[level:], package, level)
           ^^^^^^^^^^^^^^^^^^^^^^^^^^^^^^^^^^^^^^^^^^^^^^^^^^^^
tests/integration/test_e2e_smoke.py:17: in <module>
    from services.submission_service import SubmissionService
services/submission_service.py:6: in <module>
    import pdfplumber
E   ModuleNotFoundError: No module named 'pdfplumber'
=============================== warnings summary ===============================
.venv/lib/python3.12/site-packages/fastapi/testclient.py:1
  /home/runner/work/IndiaRuns-Intelligent-Candidate-Discovery-Ranking-System/IndiaRuns-Intelligent-Candidate-Discovery-Ranking-System/backend/.venv/lib/python3.12/site-packages/fastapi/testclient.py:1: StarletteDeprecationWarning: Using `httpx` with `starlette.testclient` is deprecated; install `httpx2` instead.
    from starlette.testclient import TestClient as TestClient  # noqa

app/infrastructure/semantic/embedding_provider.py:51
  /home/runner/work/IndiaRuns-Intelligent-Candidate-Discovery-Ranking-System/IndiaRuns-Intelligent-Candidate-Discovery-Ranking-System/backend/app/infrastructure/semantic/embedding_provider.py:51: FutureWarning: The `get_sentence_embedding_dimension` method has been renamed to `get_embedding_dimension`.
    return self.model.get_sentence_embedding_dimension()

.venv/lib/python3.12/site-packages/qdrant_client/qdrant_remote.py:290
  /home/runner/work/IndiaRuns-Intelligent-Candidate-Discovery-Ranking-System/IndiaRuns-Intelligent-Candidate-Discovery-Ranking-System/backend/.venv/lib/python3.12/site-packages/qdrant_client/qdrant_remote.py:290: UserWarning: Failed to obtain server version. Unable to check client-server compatibility. Set check_compatibility=False to skip version check.
    show_warning(

-- Docs: https://docs.pytest.org/en/stable/how-to/capture-warnings.html
=========================== short test summary info ============================
ERROR tests/integration/test_e2e_smoke.py
!!!!!!!!!!!!!!!!!!!! Interrupted: 1 error during collection !!!!!!!!!!!!!!!!!!!!
======================== 3 warnings, 1 error in 30.79s =========================
